{"level":"info","message":"Mongoose connected to mongodb://localhost/usersDB","timestamp":"2016-08-26T11:37:08.538Z"}
{"level":"info","message":"@authorization.login: gcornetta successfully logged in","timestamp":"2016-08-26T11:37:40.298Z"}
{"level":"error","message":"Error accessing 0x48. Check your I2C address.","timestamp":"2016-08-26T11:38:55.164Z"}
{"level":"info","message":"@dashboard.cofigure: a new machine has been successfully configured","timestamp":"2016-08-26T11:38:55.252Z"}
{"level":"info","message":"@websockets.ws.terminal: Connection established with the client","timestamp":"2016-08-26T11:38:57.148Z"}
{"level":"info","message":"@websockets.ws.dashboard: Connection established with the client","timestamp":"2016-08-26T11:38:57.633Z"}
{"level":"info","message":"@dashboard.profileUpdate: user profile successfully updated","timestamp":"2016-08-26T11:39:37.923Z"}
{"level":"info","message":"@dashboard.changePassword: password update successful","timestamp":"2016-08-26T11:40:18.576Z"}
{"level":"info","message":"@websockets.ws.terminal: Connection established with the client","timestamp":"2016-08-26T11:40:46.710Z"}
{"level":"info","message":"@websockets.ws.dashboard: Connection established with the client","timestamp":"2016-08-26T11:40:47.046Z"}
{"level":"info","message":"@websockets.ws.terminal: Connection established with the client","timestamp":"2016-08-26T11:40:58.759Z"}
{"level":"info","message":"@websockets.ws.logger: Connection established with the client","timestamp":"2016-08-26T11:40:58.835Z"}
{"level":"info","message":"@websockets.ws.terminal: Connection established with the client","timestamp":"2016-08-26T11:41:33.811Z"}
{"level":"info","message":"@websockets.ws.dashboard: Connection established with the client","timestamp":"2016-08-26T11:41:34.159Z"}
{"level":"info","message":"@user.logout: User gcornetta logged out","timestamp":"2016-08-26T11:41:37.960Z"}
{"level":"info","message":"@user.logout: DB successfully updated with log date","timestamp":"2016-08-26T11:41:37.978Z"}
{"level":"info","message":"@authorization.login: gcornetta successfully logged in","timestamp":"2016-08-26T11:43:17.308Z"}
{"level":"info","message":"@websockets.ws.terminal: Connection established with the client","timestamp":"2016-08-26T11:43:18.559Z"}
{"level":"info","message":"@websockets.ws.dashboard: Connection established with the client","timestamp":"2016-08-26T11:43:18.825Z"}
{"level":"info","message":"@dashboard.profileUpdate: user profile successfully updated","timestamp":"2016-08-26T11:43:34.204Z"}
{"level":"info","message":"@dashboard.changePassword: password update successful","timestamp":"2016-08-26T11:43:47.133Z"}
{"level":"info","message":"@user.logout: User gcornetta logged out","timestamp":"2016-08-26T11:43:56.838Z"}
{"level":"info","message":"@user.logout: DB successfully updated with log date","timestamp":"2016-08-26T11:43:56.859Z"}
{"level":"info","message":"Mongoose disconnected","timestamp":"2016-08-26T12:24:52.033Z"}
