{"level":"info","message":"Mongoose connected to mongodb://localhost/usersDB","timestamp":"2017-03-11T02:44:39.644Z"}
{"level":"info","message":"@websockets.ws.terminal: Connection established with the client","timestamp":"2017-03-11T02:44:39.893Z"}
{"level":"info","message":"@websockets.ws.progress: Connection established with the client","timestamp":"2017-03-11T02:44:39.923Z"}
{"level":"info","message":"@authorization.isLoggedIn: access attempt without authorization","timestamp":"2017-03-11T02:47:03.863Z"}
{"level":"info","message":"@authorization.login: gcornetta successfully logged in","timestamp":"2017-03-11T02:47:11.491Z"}
{"level":"info","message":"@websockets.ws.terminal: Connection established with the client","timestamp":"2017-03-11T02:47:12.202Z"}
{"level":"info","message":"@websockets.ws.dashboard: Connection established with the client","timestamp":"2017-03-11T02:47:12.244Z"}
{"level":"info","message":"@websockets.ws.terminal: Connection established with the client","timestamp":"2017-03-11T02:47:17.498Z"}
{"level":"info","message":"@websockets.ws.progress: Connection established with the client","timestamp":"2017-03-11T02:47:17.558Z"}
{"level":"info","message":"@websockets.ws.terminal: Connection established with the client","timestamp":"2017-03-11T02:47:43.000Z"}
{"level":"info","message":"@websockets.ws.logger: Connection established with the client","timestamp":"2017-03-11T02:47:43.016Z"}
{"level":"info","message":"@websockets.ws.terminal: Connection established with the client","timestamp":"2017-03-11T02:48:36.582Z"}
{"level":"info","message":"@websockets.ws.progress: Connection established with the client","timestamp":"2017-03-11T02:48:36.628Z"}
{"level":"info","message":"@dashboard.process: the process selected is wax","timestamp":"2017-03-11T02:48:48.485Z"}
{"level":"info","message":"@websockets.ws.terminal: Connection established with the client","timestamp":"2017-03-11T02:49:21.475Z"}
{"level":"info","message":"@websockets.ws.progress: Connection established with the client","timestamp":"2017-03-11T02:49:21.534Z"}
{"level":"info","message":"@websockets.ws.terminal: Connection established with the client","timestamp":"2017-03-11T02:54:50.725Z"}
{"level":"info","message":"@websockets.ws.progress: Connection established with the client","timestamp":"2017-03-11T02:54:50.779Z"}
{"level":"info","message":"@websockets.ws.terminal: Connection established with the client","timestamp":"2017-03-11T02:57:24.758Z"}
{"level":"info","message":"@websockets.ws.progress: Connection established with the client","timestamp":"2017-03-11T02:57:24.813Z"}
{"level":"info","message":"@dashboard.process: the process selected is pcb","timestamp":"2017-03-11T02:57:37.935Z"}
{"level":"info","message":"@dashboard.process: the process selected is pcb","timestamp":"2017-03-11T02:59:37.994Z"}
{"level":"info","message":"@websockets.ws.terminal: Connection established with the client","timestamp":"2017-03-11T03:03:21.587Z"}
{"level":"info","message":"@websockets.ws.progress: Connection established with the client","timestamp":"2017-03-11T03:03:21.638Z"}
{"level":"info","message":"@websockets.ws.terminal: Connection established with the client","timestamp":"2017-03-11T03:04:13.223Z"}
{"level":"info","message":"@websockets.ws.progress: Connection established with the client","timestamp":"2017-03-11T03:04:13.282Z"}
{"level":"info","message":"@websockets.ws.terminal: Connection established with the client","timestamp":"2017-03-11T03:05:54.751Z"}
{"level":"info","message":"@websockets.ws.progress: Connection established with the client","timestamp":"2017-03-11T03:05:54.803Z"}
{"level":"info","message":"@websockets.ws.terminal: Connection established with the client","timestamp":"2017-03-11T03:07:52.667Z"}
{"level":"info","message":"@websockets.ws.progress: Connection established with the client","timestamp":"2017-03-11T03:07:52.719Z"}
{"level":"info","message":"@dashboard.process: the process selected is pcb","timestamp":"2017-03-11T03:07:59.177Z"}
{"level":"info","message":"@websockets.ws.terminal: Connection established with the client","timestamp":"2017-03-11T03:09:15.391Z"}
{"level":"info","message":"@websockets.ws.progress: Connection established with the client","timestamp":"2017-03-11T03:09:15.426Z"}
{"level":"info","message":"@websockets.ws.terminal: Connection established with the client","timestamp":"2017-03-11T03:10:47.415Z"}
{"level":"info","message":"@websockets.ws.progress: Connection established with the client","timestamp":"2017-03-11T03:10:47.464Z"}
{"level":"info","message":"@websockets.ws.terminal: Connection established with the client","timestamp":"2017-03-11T03:11:46.678Z"}
{"level":"info","message":"@websockets.ws.progress: Connection established with the client","timestamp":"2017-03-11T03:11:46.726Z"}
{"level":"info","message":"@websockets.ws.terminal: Connection established with the client","timestamp":"2017-03-11T03:14:05.989Z"}
{"level":"info","message":"@websockets.ws.progress: Connection established with the client","timestamp":"2017-03-11T03:14:06.044Z"}
{"level":"info","message":"@dashboard.process: the process selected is pcb","timestamp":"2017-03-11T03:20:06.831Z"}
{"level":"info","message":"@websockets.ws.terminal: Connection established with the client","timestamp":"2017-03-11T03:32:07.578Z"}
{"level":"info","message":"@websockets.ws.progress: Connection established with the client","timestamp":"2017-03-11T03:32:07.639Z"}
{"level":"info","message":"@websockets.ws.terminal: Connection established with the client","timestamp":"2017-03-11T03:33:27.899Z"}
{"level":"info","message":"@websockets.ws.progress: Connection established with the client","timestamp":"2017-03-11T03:33:27.963Z"}
{"level":"info","message":"@websockets.ws.terminal: Connection established with the client","timestamp":"2017-03-11T03:35:30.724Z"}
{"level":"info","message":"@websockets.ws.progress: Connection established with the client","timestamp":"2017-03-11T03:35:30.786Z"}
{"level":"info","message":"@websockets.ws.terminal: Connection established with the client","timestamp":"2017-03-11T03:37:09.001Z"}
{"level":"info","message":"@websockets.ws.progress: Connection established with the client","timestamp":"2017-03-11T03:37:09.072Z"}
{"level":"info","message":"@websockets.ws.terminal: Connection established with the client","timestamp":"2017-03-11T03:37:19.384Z"}
{"level":"info","message":"@websockets.ws.progress: Connection established with the client","timestamp":"2017-03-11T03:37:19.433Z"}
{"level":"info","message":"@websockets.ws.terminal: Connection established with the client","timestamp":"2017-03-11T03:37:40.496Z"}
{"level":"info","message":"@websockets.ws.progress: Connection established with the client","timestamp":"2017-03-11T03:37:40.552Z"}
{"level":"info","message":"@websockets.ws.terminal: Connection established with the client","timestamp":"2017-03-11T03:41:52.839Z"}
{"level":"info","message":"@websockets.ws.progress: Connection established with the client","timestamp":"2017-03-11T03:41:52.899Z"}
{"level":"info","message":"@websockets.ws.terminal: Connection established with the client","timestamp":"2017-03-11T03:41:54.837Z"}
{"level":"info","message":"@websockets.ws.progress: Connection established with the client","timestamp":"2017-03-11T03:41:54.897Z"}
{"level":"info","message":"@websockets.ws.terminal: Connection established with the client","timestamp":"2017-03-11T03:42:09.984Z"}
{"level":"info","message":"@websockets.ws.progress: Connection established with the client","timestamp":"2017-03-11T03:42:10.051Z"}
{"level":"info","message":"@websockets.ws.terminal: Connection established with the client","timestamp":"2017-03-11T03:43:52.381Z"}
{"level":"info","message":"@websockets.ws.progress: Connection established with the client","timestamp":"2017-03-11T03:43:52.428Z"}
{"level":"info","message":"@user.logout: User gcornetta logged out","timestamp":"2017-03-11T03:43:59.209Z"}
{"level":"info","message":"@user.logout: DB successfully updated with log date","timestamp":"2017-03-11T03:43:59.230Z"}
{"level":"info","message":"@authorization.login: gcornetta successfully logged in","timestamp":"2017-03-11T03:44:07.338Z"}
{"level":"info","message":"@websockets.ws.terminal: Connection established with the client","timestamp":"2017-03-11T03:44:07.667Z"}
{"level":"info","message":"@websockets.ws.dashboard: Connection established with the client","timestamp":"2017-03-11T03:44:07.725Z"}
{"level":"info","message":"@websockets.ws.terminal: Connection established with the client","timestamp":"2017-03-11T03:44:27.397Z"}
{"level":"info","message":"@websockets.ws.progress: Connection established with the client","timestamp":"2017-03-11T03:44:27.456Z"}
{"level":"info","message":"@websockets.ws.terminal: Connection established with the client","timestamp":"2017-03-11T03:44:37.103Z"}
{"level":"info","message":"@websockets.ws.progress: Connection established with the client","timestamp":"2017-03-11T03:44:37.154Z"}
{"level":"info","message":"Mongoose disconnected","timestamp":"2017-03-11T03:49:31.962Z"}
